I, [2013-10-13T18:18:55.849800 #12323]  INFO -- : Started GET "/users" for 127.0.0.1 at 2013-10-13 18:18:55 -0500
I, [2013-10-13T18:18:56.883689 #12323]  INFO -- : Processing by UsersController#index as HTML
E, [2013-10-13T18:18:57.051577 #12323] ERROR -- : PG::UndefinedTable: ERROR:  relation "users" does not exist
LINE 1: SELECT "users".* FROM "users"
                              ^
: SELECT "users".* FROM "users"
I, [2013-10-13T18:18:57.059835 #12323]  INFO -- :   Rendered users/index.html.erb within layouts/application (96.3ms)
I, [2013-10-13T18:18:57.060772 #12323]  INFO -- : Completed 500 Internal Server Error in 176ms
F, [2013-10-13T18:18:57.085816 #12323] FATAL -- : 
ActionView::Template::Error (PG::UndefinedTable: ERROR:  relation "users" does not exist
LINE 1: SELECT "users".* FROM "users"
                              ^
: SELECT "users".* FROM "users"):
    12:   </thead>
    13: 
    14:   <tbody>
    15:     <% @users.each do |user| %>
    16:       <tr>
    17:         <td><%= user.name %></td>
    18:         <td><%= user.email %></td>
  app/views/users/index.html.erb:15:in `_app_views_users_index_html_erb___452568529_96583990'


I, [2013-10-13T18:21:18.072836 #12370]  INFO -- : Started GET "/users" for 127.0.0.1 at 2013-10-13 18:21:18 -0500
I, [2013-10-13T18:21:19.043899 #12370]  INFO -- : Processing by UsersController#index as HTML
E, [2013-10-13T18:21:19.235712 #12370] ERROR -- : PG::UndefinedTable: ERROR:  relation "users" does not exist
LINE 1: SELECT "users".* FROM "users"
                              ^
: SELECT "users".* FROM "users"
I, [2013-10-13T18:21:19.241782 #12370]  INFO -- :   Rendered users/index.html.erb within layouts/application (99.2ms)
I, [2013-10-13T18:21:19.242731 #12370]  INFO -- : Completed 500 Internal Server Error in 196ms
F, [2013-10-13T18:21:19.269809 #12370] FATAL -- : 
ActionView::Template::Error (PG::UndefinedTable: ERROR:  relation "users" does not exist
LINE 1: SELECT "users".* FROM "users"
                              ^
: SELECT "users".* FROM "users"):
    12:   </thead>
    13: 
    14:   <tbody>
    15:     <% @users.each do |user| %>
    16:       <tr>
    17:         <td><%= user.name %></td>
    18:         <td><%= user.email %></td>
  app/views/users/index.html.erb:15:in `_app_views_users_index_html_erb___1021365389_87914130'


I, [2013-10-13T18:22:29.587216 #12384]  INFO -- : Migrating to CreateUsers (20131013225450)
I, [2013-10-13T18:22:54.455814 #12386]  INFO -- : Started GET "/users" for 127.0.0.1 at 2013-10-13 18:22:54 -0500
I, [2013-10-13T18:22:55.442648 #12386]  INFO -- : Processing by UsersController#index as HTML
I, [2013-10-13T18:22:55.662486 #12386]  INFO -- :   Rendered users/index.html.erb within layouts/application (134.8ms)
I, [2013-10-13T18:22:55.667978 #12386]  INFO -- : Completed 200 OK in 222ms (Views: 19.1ms | ActiveRecord: 131.2ms)
I, [2013-10-13T18:22:55.839499 #12386]  INFO -- : Started GET "/stylesheets/application.css" for 127.0.0.1 at 2013-10-13 18:22:55 -0500
F, [2013-10-13T18:22:55.874481 #12386] FATAL -- : 
ActionController::RoutingError (No route matches [GET] "/stylesheets/application.css"):
  actionpack (4.0.0) lib/action_dispatch/middleware/debug_exceptions.rb:21:in `call'
  actionpack (4.0.0) lib/action_dispatch/middleware/show_exceptions.rb:30:in `call'
  railties (4.0.0) lib/rails/rack/logger.rb:38:in `call_app'
  railties (4.0.0) lib/rails/rack/logger.rb:21:in `block in call'
  activesupport (4.0.0) lib/active_support/tagged_logging.rb:67:in `block in tagged'
  activesupport (4.0.0) lib/active_support/tagged_logging.rb:25:in `tagged'
  activesupport (4.0.0) lib/active_support/tagged_logging.rb:67:in `tagged'
  railties (4.0.0) lib/rails/rack/logger.rb:21:in `call'
  actionpack (4.0.0) lib/action_dispatch/middleware/request_id.rb:21:in `call'
  rack (1.5.2) lib/rack/methodoverride.rb:21:in `call'
  rack (1.5.2) lib/rack/runtime.rb:17:in `call'
  activesupport (4.0.0) lib/active_support/cache/strategy/local_cache.rb:83:in `call'
  railties (4.0.0) lib/rails/engine.rb:511:in `call'
  railties (4.0.0) lib/rails/application.rb:97:in `call'
  rack (1.5.2) lib/rack/lock.rb:17:in `call'
  rack (1.5.2) lib/rack/content_length.rb:14:in `call'
  rack (1.5.2) lib/rack/handler/webrick.rb:60:in `service'
  /usr/lib/ruby/1.9.1/webrick/httpserver.rb:138:in `service'
  /usr/lib/ruby/1.9.1/webrick/httpserver.rb:94:in `run'
  /usr/lib/ruby/1.9.1/webrick/server.rb:191:in `block in start_thread'


I, [2013-10-13T18:22:55.887588 #12386]  INFO -- : Started GET "/javascripts/application.js" for 127.0.0.1 at 2013-10-13 18:22:55 -0500
F, [2013-10-13T18:22:55.924814 #12386] FATAL -- : 
ActionController::RoutingError (No route matches [GET] "/javascripts/application.js"):
  actionpack (4.0.0) lib/action_dispatch/middleware/debug_exceptions.rb:21:in `call'
  actionpack (4.0.0) lib/action_dispatch/middleware/show_exceptions.rb:30:in `call'
  railties (4.0.0) lib/rails/rack/logger.rb:38:in `call_app'
  railties (4.0.0) lib/rails/rack/logger.rb:21:in `block in call'
  activesupport (4.0.0) lib/active_support/tagged_logging.rb:67:in `block in tagged'
  activesupport (4.0.0) lib/active_support/tagged_logging.rb:25:in `tagged'
  activesupport (4.0.0) lib/active_support/tagged_logging.rb:67:in `tagged'
  railties (4.0.0) lib/rails/rack/logger.rb:21:in `call'
  actionpack (4.0.0) lib/action_dispatch/middleware/request_id.rb:21:in `call'
  rack (1.5.2) lib/rack/methodoverride.rb:21:in `call'
  rack (1.5.2) lib/rack/runtime.rb:17:in `call'
  activesupport (4.0.0) lib/active_support/cache/strategy/local_cache.rb:83:in `call'
  railties (4.0.0) lib/rails/engine.rb:511:in `call'
  railties (4.0.0) lib/rails/application.rb:97:in `call'
  rack (1.5.2) lib/rack/lock.rb:17:in `call'
  rack (1.5.2) lib/rack/content_length.rb:14:in `call'
  rack (1.5.2) lib/rack/handler/webrick.rb:60:in `service'
  /usr/lib/ruby/1.9.1/webrick/httpserver.rb:138:in `service'
  /usr/lib/ruby/1.9.1/webrick/httpserver.rb:94:in `run'
  /usr/lib/ruby/1.9.1/webrick/server.rb:191:in `block in start_thread'


I, [2013-10-13T18:23:01.315000 #12386]  INFO -- : Started GET "/" for 127.0.0.1 at 2013-10-13 18:23:01 -0500
F, [2013-10-13T18:23:01.338059 #12386] FATAL -- : 
ActionController::RoutingError (No route matches [GET] "/"):
  actionpack (4.0.0) lib/action_dispatch/middleware/debug_exceptions.rb:21:in `call'
  actionpack (4.0.0) lib/action_dispatch/middleware/show_exceptions.rb:30:in `call'
  railties (4.0.0) lib/rails/rack/logger.rb:38:in `call_app'
  railties (4.0.0) lib/rails/rack/logger.rb:21:in `block in call'
  activesupport (4.0.0) lib/active_support/tagged_logging.rb:67:in `block in tagged'
  activesupport (4.0.0) lib/active_support/tagged_logging.rb:25:in `tagged'
  activesupport (4.0.0) lib/active_support/tagged_logging.rb:67:in `tagged'
  railties (4.0.0) lib/rails/rack/logger.rb:21:in `call'
  actionpack (4.0.0) lib/action_dispatch/middleware/request_id.rb:21:in `call'
  rack (1.5.2) lib/rack/methodoverride.rb:21:in `call'
  rack (1.5.2) lib/rack/runtime.rb:17:in `call'
  activesupport (4.0.0) lib/active_support/cache/strategy/local_cache.rb:83:in `call'
  railties (4.0.0) lib/rails/engine.rb:511:in `call'
  railties (4.0.0) lib/rails/application.rb:97:in `call'
  rack (1.5.2) lib/rack/lock.rb:17:in `call'
  rack (1.5.2) lib/rack/content_length.rb:14:in `call'
  rack (1.5.2) lib/rack/handler/webrick.rb:60:in `service'
  /usr/lib/ruby/1.9.1/webrick/httpserver.rb:138:in `service'
  /usr/lib/ruby/1.9.1/webrick/httpserver.rb:94:in `run'
  /usr/lib/ruby/1.9.1/webrick/server.rb:191:in `block in start_thread'


